<?xml version="1.0" encoding="UTF-8"?>
<!-- Generated by org.testng.reporters.JUnitReportReporter -->
<testsuite hostname="DESKTOP-LMPDDO3" failures="0" tests="1" name="com.selenium.sourcedemo.tests.unsuccessfulLogin" time="0.000" errors="0" timestamp="2022-02-03T20:38:41 EET" skipped="1">
  <testcase classname="com.selenium.sourcedemo.tests.unsuccessfulLogin" name="unsuccessfulLogin" time="0.000">
    <skipped/>
  </testcase> <!-- unsuccessfulLogin -->
  <system-out/>
</testsuite> <!-- com.selenium.sourcedemo.tests.unsuccessfulLogin -->
