<?xml version="1.0" encoding="UTF-8"?>
<!-- Generated by org.testng.reporters.JUnitReportReporter -->
<testsuite hostname="DESKTOP-LMPDDO3" failures="0" tests="3" name="com.selenium.sourcedemo.tests.unsuccessfulLogin" time="6.026" errors="0" timestamp="2022-02-07T15:44:15 EET" skipped="0">
  <testcase classname="com.selenium.sourcedemo.tests.unsuccessfulLogin" name="unsuccessLogin" time="1.597"/>
  <system-out/>
  <testcase classname="com.selenium.sourcedemo.tests.unsuccessfulLogin" name="unsuccessLogin" time="1.472"/>
  <system-out/>
  <testcase classname="com.selenium.sourcedemo.tests.unsuccessfulLogin" name="unsuccessLogin" time="2.957"/>
  <system-out/>
</testsuite> <!-- com.selenium.sourcedemo.tests.unsuccessfulLogin -->
